<?xml version="1.0" encoding="utf-8"?><testsuites name="pytest tests"><testsuite name="pytest" errors="0" failures="1" skipped="0" tests="15" time="90.162" timestamp="2026-08-30T18:16:47.659617+00:00" hostname="agent-env-67adc442-8e25-4184-92e4-1d09ca68711f"><testcase classname="tests.test_orca_backend.TestChat" name="test_flagship_safety_unsafe" time="3.613" /><testcase classname="tests.test_orca_backend.TestHealth" name="test_health" time="0.139" /><testcase classname="tests.test_orca_backend.TestHealth" name="test_boundaries" time="0.055" /><testcase classname="tests.test_orca_backend.TestHealth" name="test_pfz" time="0.122" /><testcase classname="tests.test_orca_backend.TestAlerts" name="test_alerts_two_active" time="0.059" /><testcase classname="tests.test_orca_backend.TestAlerts" name="test_notifications_exist" time="0.111" /><testcase classname="tests.test_orca_backend.TestGeofence" name="test_breach_true" time="0.054" /><testcase classname="tests.test_orca_backend.TestGeofence" name="test_breach_false_offshore" time="0.056" /><testcase classname="tests.test_orca_backend.TestLocations" name="test_crud" time="0.226" /><testcase classname="tests.test_orca_backend.TestChat" name="test_flagship_pfz" time="3.435" /><testcase classname="tests.test_orca_backend.TestChat" name="test_chat_telugu" time="3.906" /><testcase classname="tests.test_orca_backend.TestChat" name="test_chat_chlorophyll_sst_two_charts" time="3.088" /><testcase classname="tests.test_orca_backend.TestChat" name="test_chat_alerts_query" time="4.178" /><testcase classname="tests.test_orca_backend.TestChat" name="test_chat_persistence" time="4.306" /><testcase classname="tests.test_orca_backend.TestChat" name="test_rate_limit" time="67.304"><failure message="AssertionError: never rate-limited: [200, 200, 200, 200, 200, 200, 200, 200, 200, 200, 200, 200, 200, 200, 200, 200, 200, 200, 200, 200, 200, 200]&#10;assert 429 in [200, 200, 200, 200, 200, 200, ...]">backend/tests/test_orca_backend.py:149: in test_rate_limit
    assert 429 in codes, f"never rate-limited: {codes}"
E   AssertionError: never rate-limited: [200, 200, 200, 200, 200, 200, 200, 200, 200, 200, 200, 200, 200, 200, 200, 200, 200, 200, 200, 200, 200, 200]
E   assert 429 in [200, 200, 200, 200, 200, 200, ...]</failure></testcase></testsuite></testsuites>