<?xml version="1.0" encoding="utf-8"?><testsuites name="pytest tests"><testsuite name="pytest" errors="0" failures="0" skipped="0" tests="15" time="29.510" timestamp="2026-08-30T18:54:54.986063+00:00" hostname="agent-env-67adc442-8e25-4184-92e4-1d09ca68711f"><testcase classname="tests.test_orca_backend.TestHealth" name="test_health" time="0.098" /><testcase classname="tests.test_orca_backend.TestChat" name="test_flagship_safety_unsafe" time="4.370" /><testcase classname="tests.test_orca_backend.TestHealth" name="test_boundaries" time="0.050" /><testcase classname="tests.test_orca_backend.TestHealth" name="test_pfz" time="0.045" /><testcase classname="tests.test_orca_backend.TestAlerts" name="test_alerts_two_active" time="0.046" /><testcase classname="tests.test_orca_backend.TestAlerts" name="test_notifications_exist" time="0.111" /><testcase classname="tests.test_orca_backend.TestGeofence" name="test_breach_true" time="0.045" /><testcase classname="tests.test_orca_backend.TestGeofence" name="test_breach_false_offshore" time="0.049" /><testcase classname="tests.test_orca_backend.TestLocations" name="test_crud" time="0.186" /><testcase classname="tests.test_orca_backend.TestChat" name="test_flagship_pfz" time="3.828" /><testcase classname="tests.test_orca_backend.TestChat" name="test_chat_telugu" time="3.997" /><testcase classname="tests.test_orca_backend.TestChat" name="test_chat_chlorophyll_sst_two_charts" time="3.176" /><testcase classname="tests.test_orca_backend.TestChat" name="test_chat_alerts_query" time="4.386" /><testcase classname="tests.test_orca_backend.TestChat" name="test_chat_persistence" time="4.414" /><testcase classname="tests.test_orca_backend.TestChat" name="test_rate_limit" time="5.030" /></testsuite></testsuites>