<?xml version="1.0" encoding="utf-8"?><testsuites name="pytest tests"><testsuite name="pytest" errors="0" failures="0" skipped="0" tests="14" time="24.794" timestamp="2026-08-31T06:36:56.437133+00:00" hostname="agent-env-67adc442-8e25-4184-92e4-1d09ca68711f"><testcase classname="tests.test_pfz_regions.TestPFZChatIntent" name="test_pfz_nearest_chat_per_region[kakinada]" time="3.774" /><testcase classname="tests.test_pfz_regions.TestPFZDataEndpoint" name="test_pfz_data_non_empty_per_region[kakinada]" time="0.241" /><testcase classname="tests.test_pfz_regions.TestPFZDataEndpoint" name="test_pfz_data_non_empty_per_region[chennai]" time="0.155" /><testcase classname="tests.test_pfz_regions.TestPFZDataEndpoint" name="test_pfz_data_non_empty_per_region[kochi]" time="0.151" /><testcase classname="tests.test_pfz_regions.TestPFZDataEndpoint" name="test_pfz_data_non_empty_per_region[mumbai]" time="0.132" /><testcase classname="tests.test_pfz_regions.TestPFZDataEndpoint" name="test_pfz_data_non_empty_per_region[paradip]" time="0.102" /><testcase classname="tests.test_pfz_regions.TestPFZDataEndpoint" name="test_pfz_data_non_empty_per_region[veraval]" time="0.151" /><testcase classname="tests.test_pfz_regions.TestRegionIdThreading" name="test_alerts_region_id_threading" time="0.236" /><testcase classname="tests.test_pfz_regions.TestRegionIdThreading" name="test_chat_region_id_not_hardcoded_to_default" time="4.668" /><testcase classname="tests.test_pfz_regions.TestPFZChatIntent" name="test_pfz_nearest_chat_per_region[chennai]" time="3.105" /><testcase classname="tests.test_pfz_regions.TestPFZChatIntent" name="test_pfz_nearest_chat_per_region[kochi]" time="4.761" /><testcase classname="tests.test_pfz_regions.TestPFZChatIntent" name="test_pfz_nearest_chat_per_region[mumbai]" time="4.357" /><testcase classname="tests.test_pfz_regions.TestPFZChatIntent" name="test_pfz_nearest_chat_per_region[paradip]" time="4.341" /><testcase classname="tests.test_pfz_regions.TestPFZChatIntent" name="test_pfz_nearest_chat_per_region[veraval]" time="4.122" /></testsuite></testsuites>