<?xml version="1.0" encoding="utf-8"?><testsuites name="pytest tests"><testsuite name="pytest" errors="0" failures="0" skipped="0" tests="4" time="12.373" timestamp="2026-08-31T08:47:31.932849+00:00" hostname="agent-env-67adc442-8e25-4184-92e4-1d09ca68711f"><testcase classname="tests.test_pfz_recommendation.TestPfzNearestRecommendation" name="test_pfz_nearest_has_recommended_and_route[mumbai-18.922-72.8347]" time="6.609" /><testcase classname="tests.test_pfz_recommendation.TestSafetySailIncludesPfz" name="test_mumbai_safety_question_has_pfz_markers" time="5.701" /><testcase classname="tests.test_pfz_recommendation.TestSafetySailIncludesPfz" name="test_mumbai_safety_question_verdict_present" time="6.351" /><testcase classname="tests.test_pfz_recommendation.TestPfzNearestRecommendation" name="test_pfz_nearest_has_recommended_and_route[kakinada-16.9891-82.2475]" time="4.677" /></testsuite></testsuites>