<?xml version="1.0" encoding="utf-8"?><testsuites name="pytest tests"><testsuite name="pytest" errors="0" failures="0" skipped="0" tests="15" time="35.444" timestamp="2026-08-31T05:43:59.702576+00:00" hostname="agent-env-67adc442-8e25-4184-92e4-1d09ca68711f"><testcase classname="tests.test_orca_backend.TestHealth" name="test_health" time="0.243" /><testcase classname="tests.test_orca_backend.TestChat" name="test_flagship_safety_unsafe" time="3.738" /><testcase classname="tests.test_orca_backend.TestHealth" name="test_boundaries" time="0.066" /><testcase classname="tests.test_orca_backend.TestHealth" name="test_pfz" time="0.088" /><testcase classname="tests.test_orca_backend.TestAlerts" name="test_alerts_two_active" time="0.146" /><testcase classname="tests.test_orca_backend.TestAlerts" name="test_notifications_exist" time="0.163" /><testcase classname="tests.test_orca_backend.TestGeofence" name="test_breach_true" time="0.075" /><testcase classname="tests.test_orca_backend.TestGeofence" name="test_breach_false_offshore" time="0.076" /><testcase classname="tests.test_orca_backend.TestLocations" name="test_crud" time="0.294" /><testcase classname="tests.test_orca_backend.TestChat" name="test_flagship_pfz" time="4.660" /><testcase classname="tests.test_orca_backend.TestChat" name="test_chat_telugu" time="4.435" /><testcase classname="tests.test_orca_backend.TestChat" name="test_chat_chlorophyll_sst_two_charts" time="4.179" /><testcase classname="tests.test_orca_backend.TestChat" name="test_chat_alerts_query" time="4.646" /><testcase classname="tests.test_orca_backend.TestChat" name="test_chat_persistence" time="3.748" /><testcase classname="tests.test_orca_backend.TestChat" name="test_rate_limit" time="9.677" /></testsuite></testsuites>