<?xml version="1.0" encoding="utf-8"?><testsuites name="pytest tests"><testsuite name="pytest" errors="0" failures="0" skipped="0" tests="52" time="84.063" timestamp="2026-08-31T15:38:40.148013+00:00" hostname="agent-env-67adc442-8e25-4184-92e4-1d09ca68711f"><testcase classname="tests.test_orca_backend.TestChat" name="test_flagship_safety_unsafe" time="3.695" /><testcase classname="tests.test_situation_and_route.TestSituationEndpoint" name="test_situation_fields_populated[kakinada]" time="0.186" /><testcase classname="tests.test_situation_and_route.TestSituationEndpoint" name="test_situation_fields_populated[chennai]" time="0.142" /><testcase classname="tests.test_situation_and_route.TestSituationEndpoint" name="test_situation_fields_populated[kochi]" time="0.156" /><testcase classname="tests.test_situation_and_route.TestSituationEndpoint" name="test_situation_fields_populated[mumbai]" time="0.119" /><testcase classname="tests.test_situation_and_route.TestSituationEndpoint" name="test_situation_fields_populated[paradip]" time="0.151" /><testcase classname="tests.test_situation_and_route.TestSituationEndpoint" name="test_situation_fields_populated[veraval]" time="0.157" /><testcase classname="tests.test_situation_and_route.TestSituationEndpoint" name="test_kakinada_severity_is_critical" time="2.638" /><testcase classname="tests.test_situation_and_route.TestSituationEndpoint" name="test_kochi_severity_is_advisory" time="0.161" /><testcase classname="tests.test_orca_backend.TestChat" name="test_flagship_pfz" time="6.096" /><testcase classname="tests.test_situation_and_route.TestSituationEndpoint" name="test_default_region_when_missing" time="0.131" /><testcase classname="tests.test_pfz_regions.TestPFZDataEndpoint" name="test_pfz_data_non_empty_per_region[kakinada]" time="0.149" /><testcase classname="tests.test_pfz_regions.TestPFZDataEndpoint" name="test_pfz_data_non_empty_per_region[chennai]" time="0.841" /><testcase classname="tests.test_pfz_regions.TestPFZDataEndpoint" name="test_pfz_data_non_empty_per_region[kochi]" time="0.143" /><testcase classname="tests.test_pfz_regions.TestPFZDataEndpoint" name="test_pfz_data_non_empty_per_region[mumbai]" time="0.136" /><testcase classname="tests.test_pfz_regions.TestPFZDataEndpoint" name="test_pfz_data_non_empty_per_region[paradip]" time="0.209" /><testcase classname="tests.test_pfz_regions.TestPFZDataEndpoint" name="test_pfz_data_non_empty_per_region[veraval]" time="0.153" /><testcase classname="tests.test_pfz_regions.TestPFZChatIntent" name="test_pfz_nearest_chat_per_region[kakinada]" time="5.098" /><testcase classname="tests.test_orca_backend.TestChat" name="test_chat_telugu" time="6.192" /><testcase classname="tests.test_pfz_regions.TestPFZChatIntent" name="test_pfz_nearest_chat_per_region[chennai]" time="6.089" /><testcase classname="tests.test_orca_backend.TestChat" name="test_chat_chlorophyll_sst_two_charts" time="6.344" /><testcase classname="tests.test_pfz_regions.TestPFZChatIntent" name="test_pfz_nearest_chat_per_region[kochi]" time="7.737" /><testcase classname="tests.test_orca_backend.TestChat" name="test_chat_alerts_query" time="3.961" /><testcase classname="tests.test_pfz_regions.TestPFZChatIntent" name="test_pfz_nearest_chat_per_region[mumbai]" time="6.967" /><testcase classname="tests.test_orca_backend.TestChat" name="test_chat_persistence" time="4.094" /><testcase classname="tests.test_orca_backend.TestChat" name="test_rate_limit" time="14.037" /><testcase classname="tests.test_pfz_regions.TestPFZChatIntent" name="test_pfz_nearest_chat_per_region[paradip]" time="5.057" /><testcase classname="tests.test_pfz_regions.TestPFZChatIntent" name="test_pfz_nearest_chat_per_region[veraval]" time="5.985" /><testcase classname="tests.test_voice_situation_route.TestSituation" name="test_situation_structure[kakinada]" time="0.295" /><testcase classname="tests.test_voice_situation_route.TestSituation" name="test_situation_structure[mumbai]" time="0.175" /><testcase classname="tests.test_voice_situation_route.TestSituation" name="test_kakinada_critical_due_to_cyclone" time="0.127" /><testcase classname="tests.test_orca_backend.TestAlerts" name="test_alerts_two_active" time="0.228" /><testcase classname="tests.test_orca_backend.TestAlerts" name="test_notifications_exist" time="0.287" /><testcase classname="tests.test_orca_backend.TestGeofence" name="test_breach_true" time="0.186" /><testcase classname="tests.test_orca_backend.TestGeofence" name="test_breach_false_offshore" time="0.103" /><testcase classname="tests.test_pfz_recommendation.TestSafetySailIncludesPfz" name="test_mumbai_safety_question_has_pfz_markers" time="7.280" /><testcase classname="tests.test_orca_backend.TestHealth" name="test_health" time="0.066" /><testcase classname="tests.test_orca_backend.TestHealth" name="test_boundaries" time="0.074" /><testcase classname="tests.test_orca_backend.TestHealth" name="test_pfz" time="0.072" /><testcase classname="tests.test_pfz_regions.TestRegionIdThreading" name="test_alerts_region_id_threading" time="0.256" /><testcase classname="tests.test_pfz_regions.TestRegionIdThreading" name="test_chat_region_id_not_hardcoded_to_default" time="4.470" /><testcase classname="tests.test_situation_and_route.TestRouteSafetyChat" name="test_route_through_mpa_flags_unsafe" time="8.218" /><testcase classname="tests.test_pfz_recommendation.TestSafetySailIncludesPfz" name="test_mumbai_safety_question_verdict_present" time="5.964" /><testcase classname="tests.test_pfz_recommendation.TestPfzNearestRecommendation" name="test_pfz_nearest_has_recommended_and_route[mumbai-18.922-72.8347]" time="6.140" /><testcase classname="tests.test_situation_and_route.TestRouteSafetyChat" name="test_chat_returns_200_and_persists" time="6.866" /><testcase classname="tests.test_pfz_recommendation.TestPfzNearestRecommendation" name="test_pfz_nearest_has_recommended_and_route[kakinada-16.9891-82.2475]" time="6.285" /><testcase classname="tests.test_voice_situation_route.TestVoiceSpeak" name="test_speak_returns_audio_mpeg" time="1.422" /><testcase classname="tests.test_voice_situation_route.TestVoiceSpeak" name="test_speak_empty_text_400" time="0.131" /><testcase classname="tests.test_orca_backend.TestLocations" name="test_crud" time="0.380" /><testcase classname="tests.test_voice_situation_route.TestVoiceTranscribe" name="test_transcribe_silent_audio_no_auth_error" time="0.123" /><testcase classname="tests.test_voice_situation_route.TestRouteSafetyChat" name="test_route_query_kakinada_to_hope_island" time="6.840" /><testcase classname="tests.test_voice_situation_route.TestRouteSafetyChat" name="test_route_query_verdict_in_text" time="7.351" /></testsuite></testsuites>