<?xml version="1.0" encoding="utf-8"?><testsuites name="pytest tests"><testsuite name="pytest" errors="0" failures="0" skipped="0" tests="33" time="34.357" timestamp="2026-08-31T08:48:25.136262+00:00" hostname="agent-env-67adc442-8e25-4184-92e4-1d09ca68711f"><testcase classname="tests.test_pfz_regions.TestPFZDataEndpoint" name="test_pfz_data_non_empty_per_region[kakinada]" time="0.176" /><testcase classname="tests.test_situation_and_route.TestSituationEndpoint" name="test_situation_fields_populated[kakinada]" time="0.134" /><testcase classname="tests.test_situation_and_route.TestSituationEndpoint" name="test_situation_fields_populated[chennai]" time="0.128" /><testcase classname="tests.test_pfz_regions.TestPFZDataEndpoint" name="test_pfz_data_non_empty_per_region[chennai]" time="0.171" /><testcase classname="tests.test_situation_and_route.TestSituationEndpoint" name="test_situation_fields_populated[kochi]" time="0.137" /><testcase classname="tests.test_pfz_regions.TestPFZDataEndpoint" name="test_pfz_data_non_empty_per_region[kochi]" time="0.227" /><testcase classname="tests.test_situation_and_route.TestSituationEndpoint" name="test_situation_fields_populated[mumbai]" time="0.100" /><testcase classname="tests.test_situation_and_route.TestSituationEndpoint" name="test_situation_fields_populated[paradip]" time="0.109" /><testcase classname="tests.test_pfz_regions.TestPFZDataEndpoint" name="test_pfz_data_non_empty_per_region[mumbai]" time="0.098" /><testcase classname="tests.test_situation_and_route.TestSituationEndpoint" name="test_situation_fields_populated[veraval]" time="0.105" /><testcase classname="tests.test_pfz_regions.TestPFZDataEndpoint" name="test_pfz_data_non_empty_per_region[paradip]" time="0.138" /><testcase classname="tests.test_situation_and_route.TestSituationEndpoint" name="test_kakinada_severity_is_critical" time="0.096" /><testcase classname="tests.test_pfz_regions.TestPFZDataEndpoint" name="test_pfz_data_non_empty_per_region[veraval]" time="0.161" /><testcase classname="tests.test_situation_and_route.TestSituationEndpoint" name="test_kochi_severity_is_advisory" time="0.114" /><testcase classname="tests.test_situation_and_route.TestSituationEndpoint" name="test_default_region_when_missing" time="0.125" /><testcase classname="tests.test_pfz_regions.TestPFZChatIntent" name="test_pfz_nearest_chat_per_region[kakinada]" time="5.381" /><testcase classname="tests.test_voice_situation_route.TestSituation" name="test_situation_structure[kakinada]" time="0.116" /><testcase classname="tests.test_voice_situation_route.TestSituation" name="test_situation_structure[mumbai]" time="0.259" /><testcase classname="tests.test_voice_situation_route.TestSituation" name="test_kakinada_critical_due_to_cyclone" time="0.131" /><testcase classname="tests.test_situation_and_route.TestRouteSafetyChat" name="test_route_through_mpa_flags_unsafe" time="6.719" /><testcase classname="tests.test_pfz_regions.TestPFZChatIntent" name="test_pfz_nearest_chat_per_region[chennai]" time="5.981" /><testcase classname="tests.test_situation_and_route.TestRouteSafetyChat" name="test_chat_returns_200_and_persists" time="5.738" /><testcase classname="tests.test_pfz_regions.TestPFZChatIntent" name="test_pfz_nearest_chat_per_region[kochi]" time="5.158" /><testcase classname="tests.test_voice_situation_route.TestVoiceSpeak" name="test_speak_returns_audio_mpeg" time="1.298" /><testcase classname="tests.test_voice_situation_route.TestVoiceSpeak" name="test_speak_empty_text_400" time="0.095" /><testcase classname="tests.test_voice_situation_route.TestRouteSafetyChat" name="test_route_query_kakinada_to_hope_island" time="5.557" /><testcase classname="tests.test_pfz_regions.TestPFZChatIntent" name="test_pfz_nearest_chat_per_region[mumbai]" time="5.961" /><testcase classname="tests.test_voice_situation_route.TestRouteSafetyChat" name="test_route_query_verdict_in_text" time="6.741" /><testcase classname="tests.test_pfz_regions.TestPFZChatIntent" name="test_pfz_nearest_chat_per_region[paradip]" time="5.184" /><testcase classname="tests.test_pfz_regions.TestRegionIdThreading" name="test_alerts_region_id_threading" time="0.144" /><testcase classname="tests.test_pfz_regions.TestRegionIdThreading" name="test_chat_region_id_not_hardcoded_to_default" time="4.357" /><testcase classname="tests.test_pfz_regions.TestPFZChatIntent" name="test_pfz_nearest_chat_per_region[veraval]" time="5.173" /><testcase classname="tests.test_voice_situation_route.TestVoiceTranscribe" name="test_transcribe_silent_audio_no_auth_error" time="0.200" /></testsuite></testsuites>