<?xml version="1.0" encoding="utf-8"?><testsuites name="pytest tests"><testsuite name="pytest" errors="0" failures="0" skipped="0" tests="11" time="40.009" timestamp="2026-08-31T07:45:44.489886+00:00" hostname="agent-env-67adc442-8e25-4184-92e4-1d09ca68711f"><testcase classname="tests.test_situation_and_route.TestRouteSafetyChat" name="test_route_through_mpa_flags_unsafe" time="15.036" /><testcase classname="tests.test_situation_and_route.TestSituationEndpoint" name="test_situation_fields_populated[kakinada]" time="0.005" /><testcase classname="tests.test_situation_and_route.TestSituationEndpoint" name="test_situation_fields_populated[chennai]" time="0.007" /><testcase classname="tests.test_situation_and_route.TestSituationEndpoint" name="test_situation_fields_populated[kochi]" time="0.002" /><testcase classname="tests.test_situation_and_route.TestSituationEndpoint" name="test_situation_fields_populated[mumbai]" time="0.002" /><testcase classname="tests.test_situation_and_route.TestSituationEndpoint" name="test_situation_fields_populated[paradip]" time="0.002" /><testcase classname="tests.test_situation_and_route.TestSituationEndpoint" name="test_situation_fields_populated[veraval]" time="0.002" /><testcase classname="tests.test_situation_and_route.TestSituationEndpoint" name="test_kakinada_severity_is_critical" time="0.002" /><testcase classname="tests.test_situation_and_route.TestSituationEndpoint" name="test_kochi_severity_is_advisory" time="0.002" /><testcase classname="tests.test_situation_and_route.TestSituationEndpoint" name="test_default_region_when_missing" time="0.002" /><testcase classname="tests.test_situation_and_route.TestRouteSafetyChat" name="test_chat_returns_200_and_persists" time="24.646" /></testsuite></testsuites>