<?xml version="1.0" encoding="utf-8"?><testsuites name="pytest tests"><testsuite name="pytest" errors="0" failures="0" skipped="0" tests="8" time="39.606" timestamp="2026-08-31T08:33:41.014732+00:00" hostname="agent-env-67adc442-8e25-4184-92e4-1d09ca68711f"><testcase classname="tests.test_voice_situation_route.TestVoiceSpeak" name="test_speak_returns_audio_mpeg" time="1.439" /><testcase classname="tests.test_voice_situation_route.TestSituation" name="test_situation_structure[kakinada]" time="1.439" /><testcase classname="tests.test_voice_situation_route.TestSituation" name="test_situation_structure[mumbai]" time="0.140" /><testcase classname="tests.test_voice_situation_route.TestVoiceSpeak" name="test_speak_empty_text_400" time="0.188" /><testcase classname="tests.test_voice_situation_route.TestSituation" name="test_kakinada_critical_due_to_cyclone" time="0.222" /><testcase classname="tests.test_voice_situation_route.TestRouteSafetyChat" name="test_route_query_kakinada_to_hope_island" time="19.482" /><testcase classname="tests.test_voice_situation_route.TestVoiceTranscribe" name="test_transcribe_silent_audio_no_auth_error" time="0.133" /><testcase classname="tests.test_voice_situation_route.TestRouteSafetyChat" name="test_route_query_verdict_in_text" time="18.160" /></testsuite></testsuites>